# JRE version: OpenJDK Runtime Environment (8.0_212-b04) (build 1.8.0_212-release-1586-b04)
# Java VM: OpenJDK 64-Bit Server VM (25.212-b04 mixed mode windows-amd64 compressed oops)
Heap:
 PSYoungGen      total 144896K, used 143856K [0x00000000e0000000, 0x00000000ea000000, 0x0000000100000000)
  eden space 132608K, 99% used [0x00000000e0000000,0x00000000e807d3c8,0x00000000e8180000)
  from space 12288K, 99% used [0x00000000e9400000,0x00000000e9ffece0,0x00000000ea000000)
  to   space 14848K, 0% used [0x00000000e8300000,0x00000000e8300000,0x00000000e9180000)
 ParOldGen       total 91648K, used 19429K [0x00000000a0000000, 0x00000000a5980000, 0x00000000e0000000)
  object space 91648K, 21% used [0x00000000a0000000,0x00000000a12f9450,0x00000000a5980000)
 Metaspace       used 55322K, capacity 57122K, committed 57216K, reserved 1097728K
  class space    used 7646K, capacity 8062K, committed 8064K, reserved 1048576K
GC Heap History (10 events):
Event: 5.386 GC heap before
{Heap before GC invocations=8 (full 1):
 PSYoungGen      total 76800K, used 66048K [0x00000000e0000000, 0x00000000e5700000, 0x0000000100000000)
  eden space 66048K, 100% used [0x00000000e0000000,0x00000000e4080000,0x00000000e4080000)
  from space 10752K, 0% used [0x00000000e4b80000,0x00000000e4b80000,0x00000000e5600000)
  to   space 11264K, 0% used [0x00000000e4080000,0x00000000e4080000,0x00000000e4b80000)
 ParOldGen       total 60416K, used 9315K [0x00000000a0000000, 0x00000000a3b00000, 0x00000000e0000000)
  object space 60416K, 15% used [0x00000000a0000000,0x00000000a0918f80,0x00000000a3b00000)
 Metaspace       used 29075K, capacity 29636K, committed 29952K, reserved 1075200K
  class space    used 3916K, capacity 4071K, committed 4096K, reserved 1048576K
Event: 5.395 GC heap after
Heap after GC invocations=8 (full 1):
 PSYoungGen      total 77312K, used 8227K [0x00000000e0000000, 0x00000000e7b80000, 0x0000000100000000)
  eden space 66048K, 0% used [0x00000000e0000000,0x00000000e0000000,0x00000000e4080000)
  from space 11264K, 73% used [0x00000000e4080000,0x00000000e4888ce8,0x00000000e4b80000)
  to   space 11264K, 0% used [0x00000000e7080000,0x00000000e7080000,0x00000000e7b80000)
 ParOldGen       total 60416K, used 9323K [0x00000000a0000000, 0x00000000a3b00000, 0x00000000e0000000)
  object space 60416K, 15% used [0x00000000a0000000,0x00000000a091af80,0x00000000a3b00000)
 Metaspace       used 29075K, capacity 29636K, committed 29952K, reserved 1075200K
  class space    used 3916K, capacity 4071K, committed 4096K, reserved 1048576K
}
Event: 6.430 GC heap before
{Heap before GC invocations=9 (full 1):
 PSYoungGen      total 77312K, used 74275K [0x00000000e0000000, 0x00000000e7b80000, 0x0000000100000000)
  eden space 66048K, 100% used [0x00000000e0000000,0x00000000e4080000,0x00000000e4080000)
  from space 11264K, 73% used [0x00000000e4080000,0x00000000e4888ce8,0x00000000e4b80000)
  to   space 11264K, 0% used [0x00000000e7080000,0x00000000e7080000,0x00000000e7b80000)
 ParOldGen       total 60416K, used 9323K [0x00000000a0000000, 0x00000000a3b00000, 0x00000000e0000000)
  object space 60416K, 15% used [0x00000000a0000000,0x00000000a091af80,0x00000000a3b00000)
 Metaspace       used 32266K, capacity 32828K, committed 33152K, reserved 1077248K
  class space    used 4434K, capacity 4623K, committed 4736K, reserved 1048576K
Event: 6.448 GC heap after
Heap after GC invocations=9 (full 1):
 PSYoungGen      total 114688K, used 8741K [0x00000000e0000000, 0x00000000e7e80000, 0x0000000100000000)
  eden space 103424K, 0% used [0x00000000e0000000,0x00000000e0000000,0x00000000e6500000)
  from space 11264K, 77% used [0x00000000e7080000,0x00000000e7909480,0x00000000e7b80000)
  to   space 11776K, 0% used [0x00000000e6500000,0x00000000e6500000,0x00000000e7080000)
 ParOldGen       total 60416K, used 9331K [0x00000000a0000000, 0x00000000a3b00000, 0x00000000e0000000)
  object space 60416K, 15% used [0x00000000a0000000,0x00000000a091cf80,0x00000000a3b00000)
 Metaspace       used 32266K, capacity 32828K, committed 33152K, reserved 1077248K
  class space    used 4434K, capacity 4623K, committed 4736K, reserved 1048576K
}
Event: 7.467 GC heap before
{Heap before GC invocations=10 (full 1):
 PSYoungGen      total 114688K, used 59256K [0x00000000e0000000, 0x00000000e7e80000, 0x0000000100000000)
  eden space 103424K, 48% used [0x00000000e0000000,0x00000000e3154ee0,0x00000000e6500000)
  from space 11264K, 77% used [0x00000000e7080000,0x00000000e7909480,0x00000000e7b80000)
  to   space 11776K, 0% used [0x00000000e6500000,0x00000000e6500000,0x00000000e7080000)
 ParOldGen       total 60416K, used 9331K [0x00000000a0000000, 0x00000000a3b00000, 0x00000000e0000000)
  object space 60416K, 15% used [0x00000000a0000000,0x00000000a091cf80,0x00000000a3b00000)
 Metaspace       used 34516K, capacity 35418K, committed 35456K, reserved 1079296K
  class space    used 4738K, capacity 4970K, committed 4992K, reserved 1048576K
Event: 7.476 GC heap after
Heap after GC invocations=10 (full 1):
 PSYoungGen      total 115200K, used 9951K [0x00000000e0000000, 0x00000000ea000000, 0x0000000100000000)
  eden space 103424K, 0% used [0x00000000e0000000,0x00000000e0000000,0x00000000e6500000)
  from space 11776K, 84% used [0x00000000e6500000,0x00000000e6eb7ed8,0x00000000e7080000)
  to   space 12288K, 0% used [0x00000000e9400000,0x00000000e9400000,0x00000000ea000000)
 ParOldGen       total 60416K, used 9339K [0x00000000a0000000, 0x00000000a3b00000, 0x00000000e0000000)
  object space 60416K, 15% used [0x00000000a0000000,0x00000000a091ef80,0x00000000a3b00000)
 Metaspace       used 34516K, capacity 35418K, committed 35456K, reserved 1079296K
  class space    used 4738K, capacity 4970K, committed 4992K, reserved 1048576K
}
Event: 7.476 GC heap before
{Heap before GC invocations=11 (full 2):
 PSYoungGen      total 115200K, used 9951K [0x00000000e0000000, 0x00000000ea000000, 0x0000000100000000)
  eden space 103424K, 0% used [0x00000000e0000000,0x00000000e0000000,0x00000000e6500000)
  from space 11776K, 84% used [0x00000000e6500000,0x00000000e6eb7ed8,0x00000000e7080000)
  to   space 12288K, 0% used [0x00000000e9400000,0x00000000e9400000,0x00000000ea000000)
 ParOldGen       total 60416K, used 9339K [0x00000000a0000000, 0x00000000a3b00000, 0x00000000e0000000)
  object space 60416K, 15% used [0x00000000a0000000,0x00000000a091ef80,0x00000000a3b00000)
 Metaspace       used 34516K, capacity 35418K, committed 35456K, reserved 1079296K
  class space    used 4738K, capacity 4970K, committed 4992K, reserved 1048576K
Event: 7.529 GC heap after
Heap after GC invocations=11 (full 2):
 PSYoungGen      total 115200K, used 0K [0x00000000e0000000, 0x00000000ea000000, 0x0000000100000000)
  eden space 103424K, 0% used [0x00000000e0000000,0x00000000e0000000,0x00000000e6500000)
  from space 11776K, 0% used [0x00000000e6500000,0x00000000e6500000,0x00000000e7080000)
  to   space 12288K, 0% used [0x00000000e9400000,0x00000000e9400000,0x00000000ea000000)
 ParOldGen       total 91648K, used 16854K [0x00000000a0000000, 0x00000000a5980000, 0x00000000e0000000)
  object space 91648K, 18% used [0x00000000a0000000,0x00000000a1075838,0x00000000a5980000)
 Metaspace       used 34493K, capacity 35340K, committed 35456K, reserved 1079296K
  class space    used 4730K, capacity 4957K, committed 4992K, reserved 1048576K
}
Event: 9.825 GC heap before
{Heap before GC invocations=12 (full 2):
 PSYoungGen      total 115200K, used 103424K [0x00000000e0000000, 0x00000000ea000000, 0x0000000100000000)
  eden space 103424K, 100% used [0x00000000e0000000,0x00000000e6500000,0x00000000e6500000)
  from space 11776K, 0% used [0x00000000e6500000,0x00000000e6500000,0x00000000e7080000)
  to   space 12288K, 0% used [0x00000000e9400000,0x00000000e9400000,0x00000000ea000000)
 ParOldGen       total 91648K, used 16854K [0x00000000a0000000, 0x00000000a5980000, 0x00000000e0000000)
  object space 91648K, 18% used [0x00000000a0000000,0x00000000a1075838,0x00000000a5980000)
 Metaspace       used 44792K, capacity 45888K, committed 46080K, reserved 1089536K
  class space    used 6020K, capacity 6286K, committed 6400K, reserved 1048576K
Event: 9.845 GC heap after
Heap after GC invocations=12 (full 2):
 PSYoungGen      total 144896K, used 12283K [0x00000000e0000000, 0x00000000ea000000, 0x0000000100000000)
  eden space 132608K, 0% used [0x00000000e0000000,0x00000000e0000000,0x00000000e8180000)
  from space 12288K, 99% used [0x00000000e9400000,0x00000000e9ffece0,0x00000000ea000000)
  to   space 14848K, 0% used [0x00000000e8300000,0x00000000e8300000,0x00000000e9180000)
 ParOldGen       total 91648K, used 19429K [0x00000000a0000000, 0x00000000a5980000, 0x00000000e0000000)
  object space 91648K, 21% used [0x00000000a0000000,0x00000000a12f9450,0x00000000a5980000)
 Metaspace       used 44792K, capacity 45888K, committed 46080K, reserved 1089536K
  class space    used 6020K, capacity 6286K, committed 6400K, reserved 1048576K
}

